<?xml version="1.0" encoding="UTF-8"?>
<testsuite name="hello.HelloWorldConfigurationTests" tests="2" skipped="0" failures="0" errors="0" timestamp="2017-09-28T14:34:05" hostname="CNsdang.local" time="0.339">
  <properties/>
  <testcase name="shouldReturn200WhenSendingRequestToManagementEndpoint" classname="hello.HelloWorldConfigurationTests" time="0.282"/>
  <testcase name="shouldReturn200WhenSendingRequestToController" classname="hello.HelloWorldConfigurationTests" time="0.056"/>
  <system-out><![CDATA[22:33:49.338 [Test worker] DEBUG org.springframework.test.context.junit4.SpringJUnit4ClassRunner - SpringJUnit4ClassRunner constructor called with [class hello.HelloWorldConfigurationTests]
22:33:49.345 [Test worker] DEBUG org.springframework.test.context.BootstrapUtils - Instantiating CacheAwareContextLoaderDelegate from class [org.springframework.test.context.cache.DefaultCacheAwareContextLoaderDelegate]
22:33:49.357 [Test worker] DEBUG org.springframework.test.context.BootstrapUtils - Instantiating BootstrapContext using constructor [public org.springframework.test.context.support.DefaultBootstrapContext(java.lang.Class,org.springframework.test.context.CacheAwareContextLoaderDelegate)]
22:33:49.385 [Test worker] DEBUG org.springframework.test.context.BootstrapUtils - Instantiating TestContextBootstrapper for test class [hello.HelloWorldConfigurationTests] from class [org.springframework.boot.test.context.SpringBootTestContextBootstrapper]
22:33:49.402 [Test worker] INFO org.springframework.boot.test.context.SpringBootTestContextBootstrapper - Neither @ContextConfiguration nor @ContextHierarchy found for test class [hello.HelloWorldConfigurationTests], using SpringBootContextLoader
22:33:49.408 [Test worker] DEBUG org.springframework.test.context.support.AbstractContextLoader - Did not detect default resource location for test class [hello.HelloWorldConfigurationTests]: class path resource [hello/HelloWorldConfigurationTests-context.xml] does not exist
22:33:49.408 [Test worker] DEBUG org.springframework.test.context.support.AbstractContextLoader - Did not detect default resource location for test class [hello.HelloWorldConfigurationTests]: class path resource [hello/HelloWorldConfigurationTestsContext.groovy] does not exist
22:33:49.409 [Test worker] INFO org.springframework.test.context.support.AbstractContextLoader - Could not detect default resource locations for test class [hello.HelloWorldConfigurationTests]: no resource found for suffixes {-context.xml, Context.groovy}.
22:33:49.455 [Test worker] DEBUG org.springframework.test.context.support.ActiveProfilesUtils - Could not find an 'annotation declaring class' for annotation type [org.springframework.test.context.ActiveProfiles] and class [hello.HelloWorldConfigurationTests]
22:33:49.479 [Test worker] DEBUG org.springframework.boot.test.context.SpringBootTestContextBootstrapper - @TestExecutionListeners is not present for class [hello.HelloWorldConfigurationTests]: using defaults.
22:33:49.483 [Test worker] INFO org.springframework.boot.test.context.SpringBootTestContextBootstrapper - Loaded default TestExecutionListener class names from location [META-INF/spring.factories]: [org.springframework.boot.test.mock.mockito.MockitoTestExecutionListener, org.springframework.boot.test.mock.mockito.ResetMocksTestExecutionListener, org.springframework.boot.test.autoconfigure.restdocs.RestDocsTestExecutionListener, org.springframework.boot.test.autoconfigure.web.client.MockRestServiceServerResetTestExecutionListener, org.springframework.boot.test.autoconfigure.web.servlet.MockMvcPrintOnlyOnFailureTestExecutionListener, org.springframework.boot.test.autoconfigure.web.servlet.WebDriverTestExecutionListener, org.springframework.test.context.web.ServletTestExecutionListener, org.springframework.test.context.support.DirtiesContextBeforeModesTestExecutionListener, org.springframework.test.context.support.DependencyInjectionTestExecutionListener, org.springframework.test.context.support.DirtiesContextTestExecutionListener, org.springframework.test.context.transaction.TransactionalTestExecutionListener, org.springframework.test.context.jdbc.SqlScriptsTestExecutionListener]
22:33:49.506 [Test worker] INFO org.springframework.boot.test.context.SpringBootTestContextBootstrapper - Using TestExecutionListeners: [org.springframework.test.context.web.ServletTestExecutionListener@36bfec1a, org.springframework.test.context.support.DirtiesContextBeforeModesTestExecutionListener@5191dc0, org.springframework.boot.test.autoconfigure.SpringBootDependencyInjectionTestExecutionListener@7f9ffe7e, org.springframework.test.context.support.DirtiesContextTestExecutionListener@1fd6a835, org.springframework.test.context.transaction.TransactionalTestExecutionListener@56c048e9, org.springframework.test.context.jdbc.SqlScriptsTestExecutionListener@1bfab8ec, org.springframework.boot.test.autoconfigure.web.servlet.WebDriverTestExecutionListener@1b96d9e3, org.springframework.boot.test.autoconfigure.web.servlet.MockMvcPrintOnlyOnFailureTestExecutionListener@31ab4da4, org.springframework.boot.test.mock.mockito.MockitoTestExecutionListener@65f8dc78, org.springframework.boot.test.mock.mockito.ResetMocksTestExecutionListener@2b0b35f3, org.springframework.boot.test.autoconfigure.web.client.MockRestServiceServerResetTestExecutionListener@6ffb8b0, org.springframework.boot.test.autoconfigure.restdocs.RestDocsTestExecutionListener@6dd213a6]
22:33:49.509 [Test worker] DEBUG org.springframework.test.annotation.ProfileValueUtils - Retrieved @ProfileValueSourceConfiguration [null] for test class [hello.HelloWorldConfigurationTests]
22:33:49.510 [Test worker] DEBUG org.springframework.test.annotation.ProfileValueUtils - Retrieved ProfileValueSource type [class org.springframework.test.annotation.SystemProfileValueSource] for class [hello.HelloWorldConfigurationTests]
22:33:49.511 [Test worker] DEBUG org.springframework.test.annotation.ProfileValueUtils - Retrieved @ProfileValueSourceConfiguration [null] for test class [hello.HelloWorldConfigurationTests]
22:33:49.511 [Test worker] DEBUG org.springframework.test.annotation.ProfileValueUtils - Retrieved ProfileValueSource type [class org.springframework.test.annotation.SystemProfileValueSource] for class [hello.HelloWorldConfigurationTests]
22:33:49.517 [Test worker] DEBUG org.springframework.test.context.support.AbstractDirtiesContextTestExecutionListener - Before test class: context [DefaultTestContext@61b74c5b testClass = HelloWorldConfigurationTests, testInstance = [null], testMethod = [null], testException = [null], mergedContextConfiguration = [WebMergedContextConfiguration@357e50dd testClass = HelloWorldConfigurationTests, locations = '{}', classes = '{class hello.HelloWorldConfiguration, class hello.HelloWorldConfiguration}', contextInitializerClasses = '[]', activeProfiles = '{}', propertySourceLocations = '{}', propertySourceProperties = '{management.port=0, org.springframework.boot.test.context.SpringBootTestContextBootstrapper=true, server.port=0}', contextCustomizers = set[org.springframework.boot.test.context.SpringBootTestContextCustomizer@ad830f7, org.springframework.boot.test.context.filter.ExcludeFilterContextCustomizer@435629d6, org.springframework.boot.test.json.DuplicateJsonObjectContextCustomizerFactory$DuplicateJsonObjectContextCustomizer@701d5d15, org.springframework.boot.test.mock.mockito.MockitoContextCustomizer@0, org.springframework.boot.test.autoconfigure.properties.PropertyMappingContextCustomizer@0, org.springframework.boot.test.autoconfigure.web.servlet.WebDriverContextCustomizerFactory$Customizer@626a71e8], resourceBasePath = 'src/main/webapp', contextLoader = 'org.springframework.boot.test.context.SpringBootContextLoader', parent = [null]]], class annotated with @DirtiesContext [false] with mode [null].
22:33:49.517 [Test worker] DEBUG org.springframework.test.annotation.ProfileValueUtils - Retrieved @ProfileValueSourceConfiguration [null] for test class [hello.HelloWorldConfigurationTests]
22:33:49.518 [Test worker] DEBUG org.springframework.test.annotation.ProfileValueUtils - Retrieved ProfileValueSource type [class org.springframework.test.annotation.SystemProfileValueSource] for class [hello.HelloWorldConfigurationTests]
22:33:49.519 [Test worker] DEBUG org.springframework.test.context.support.DependencyInjectionTestExecutionListener - Performing dependency injection for test context [[DefaultTestContext@61b74c5b testClass = HelloWorldConfigurationTests, testInstance = hello.HelloWorldConfigurationTests@699d6651, testMethod = [null], testException = [null], mergedContextConfiguration = [WebMergedContextConfiguration@357e50dd testClass = HelloWorldConfigurationTests, locations = '{}', classes = '{class hello.HelloWorldConfiguration, class hello.HelloWorldConfiguration}', contextInitializerClasses = '[]', activeProfiles = '{}', propertySourceLocations = '{}', propertySourceProperties = '{management.port=0, org.springframework.boot.test.context.SpringBootTestContextBootstrapper=true, server.port=0}', contextCustomizers = set[org.springframework.boot.test.context.SpringBootTestContextCustomizer@ad830f7, org.springframework.boot.test.context.filter.ExcludeFilterContextCustomizer@435629d6, org.springframework.boot.test.json.DuplicateJsonObjectContextCustomizerFactory$DuplicateJsonObjectContextCustomizer@701d5d15, org.springframework.boot.test.mock.mockito.MockitoContextCustomizer@0, org.springframework.boot.test.autoconfigure.properties.PropertyMappingContextCustomizer@0, org.springframework.boot.test.autoconfigure.web.servlet.WebDriverContextCustomizerFactory$Customizer@626a71e8], resourceBasePath = 'src/main/webapp', contextLoader = 'org.springframework.boot.test.context.SpringBootContextLoader', parent = [null]]]].
22:33:49.606 [Test worker] DEBUG org.springframework.core.env.StandardEnvironment - Adding PropertySource 'systemProperties' with lowest search precedence
22:33:49.606 [Test worker] DEBUG org.springframework.core.env.StandardEnvironment - Adding PropertySource 'systemEnvironment' with lowest search precedence
22:33:49.607 [Test worker] DEBUG org.springframework.core.env.StandardEnvironment - Initialized StandardEnvironment with PropertySources [MapPropertySource@1406239434 {name='systemProperties', properties={java.runtime.name=Java(TM) SE Runtime Environment, sun.boot.library.path=/Library/Java/JavaVirtualMachines/jdk1.8.0_141.jdk/Contents/Home/jre/lib, java.vm.version=25.141-b15, gopherProxySet=false, java.vm.vendor=Oracle Corporation, java.vendor.url=http://java.oracle.com/, path.separator=:, java.vm.name=Java HotSpot(TM) 64-Bit Server VM, file.encoding.pkg=sun.io, sun.java.launcher=SUN_STANDARD, user.country=US, sun.os.patch.level=unknown, java.vm.specification.name=Java Virtual Machine Specification, user.dir=/Users/sdang/Documents/springboot_project/todoapi, java.runtime.version=1.8.0_141-b15, java.awt.graphicsenv=sun.awt.CGraphicsEnvironment, java.endorsed.dirs=/Library/Java/JavaVirtualMachines/jdk1.8.0_141.jdk/Contents/Home/jre/lib/endorsed, os.arch=x86_64, java.io.tmpdir=/var/folders/7k/56zw36j52p3_fcft19mrh_d00000gn/T/, line.separator=
, java.vm.specification.vendor=Oracle Corporation, user.variant=, os.name=Mac OS X, sun.jnu.encoding=UTF-8, java.library.path=/Users/sdang/Library/Java/Extensions:/Library/Java/Extensions:/Network/Library/Java/Extensions:/System/Library/Java/Extensions:/usr/lib/java:., java.specification.name=Java Platform API Specification, java.class.version=52.0, sun.management.compiler=HotSpot 64-Bit Tiered Compilers, os.version=10.12.6, user.home=/Users/sdang, user.timezone=Asia/Shanghai, java.awt.printerjob=sun.lwawt.macosx.CPrinterJob, file.encoding=UTF-8, java.specification.version=1.8, java.class.path=/Users/sdang/Documents/springboot_project/todoapi/build/classes/test:/Users/sdang/Documents/springboot_project/todoapi/build/resources/test:/Users/sdang/Documents/springboot_project/todoapi/build/classes/main:/Users/sdang/Documents/springboot_project/todoapi/build/resources/main:/Users/sdang/.gradle/caches/modules-2/files-2.1/org.springframework.boot/spring-boot-starter-web/1.5.7.RELEASE/a862305be8b7512a41f6768d825ed37251ccbbe0/spring-boot-starter-web-1.5.7.RELEASE.jar:/Users/sdang/.gradle/caches/modules-2/files-2.1/org.springframework.boot/spring-boot-starter-actuator/1.5.7.RELEASE/c8058080955524edbbacda602f25d1c5fdf2a3a9/spring-boot-starter-actuator-1.5.7.RELEASE.jar:/Users/sdang/.gradle/caches/modules-2/files-2.1/org.springframework.boot/spring-boot-starter-data-jpa/1.5.7.RELEASE/ccdf14487724b7c1343e5d2605f7170c026e405/spring-boot-starter-data-jpa-1.5.7.RELEASE.jar:/Users/sdang/.gradle/caches/modules-2/files-2.1/mysql/mysql-connector-java/5.1.44/61b6b998192c85bb581c6be90e03dcd4b9079db4/mysql-connector-java-5.1.44.jar:/Users/sdang/.gradle/caches/modules-2/files-2.1/org.springframework.boot/spring-boot-starter-test/1.5.7.RELEASE/d23f37a72c2d4e46aba66bc69a649213f9cadeee/spring-boot-starter-test-1.5.7.RELEASE.jar:/Users/sdang/.gradle/caches/modules-2/files-2.1/junit/junit/4.12/2973d150c0dc1fefe998f834810d68f278ea58ec/junit-4.12.jar:/Users/sdang/.gradle/caches/modules-2/files-2.1/org.springframework.boot/spring-boot-starter/1.5.7.RELEASE/b42fe6962dd8b3be4ac8c1d7134d0ca2d0a35c7e/spring-boot-starter-1.5.7.RELEASE.jar:/Users/sdang/.gradle/caches/modules-2/files-2.1/org.springframework.boot/spring-boot-starter-tomcat/1.5.7.RELEASE/eae533e2a0111a51d812912acb3d3e2368736d1b/spring-boot-starter-tomcat-1.5.7.RELEASE.jar:/Users/sdang/.gradle/caches/modules-2/files-2.1/org.hibernate/hibernate-validator/5.3.5.Final/622a9bcef2eed6d41b5b8e0662c36212009e375/hibernate-validator-5.3.5.Final.jar:/Users/sdang/.gradle/caches/modules-2/files-2.1/com.fasterxml.jackson.core/jackson-databind/2.8.10/f7b83cb2bc4b88d53961e749e1ad32f49ef017b7/jackson-databind-2.8.10.jar:/Users/sdang/.gradle/caches/modules-2/files-2.1/org.springframework/spring-web/4.3.11.RELEASE/50a3dfce550bdf9459dfb2c6282aa104b040258e/spring-web-4.3.11.RELEASE.jar:/Users/sdang/.gradle/caches/modules-2/files-2.1/org.springframework/spring-webmvc/4.3.11.RELEASE/814f91ec4dc324e724bbe7cbc5045b234604c539/spring-webmvc-4.3.11.RELEASE.jar:/Users/sdang/.gradle/caches/modules-2/files-2.1/org.springframework.boot/spring-boot-actuator/1.5.7.RELEASE/ff3124e2359be5e6c0d9cc501bf214413a329fee/spring-boot-actuator-1.5.7.RELEASE.jar:/Users/sdang/.gradle/caches/modules-2/files-2.1/org.springframework.boot/spring-boot-starter-aop/1.5.7.RELEASE/189098a72ccc0cca07ea42d6715c10524b5a93d1/spring-boot-starter-aop-1.5.7.RELEASE.jar:/Users/sdang/.gradle/caches/modules-2/files-2.1/org.springframework.boot/spring-boot-starter-jdbc/1.5.7.RELEASE/98c652a5461ccbec70b55fd0f7815d9c9a37a082/spring-boot-starter-jdbc-1.5.7.RELEASE.jar:/Users/sdang/.gradle/caches/modules-2/files-2.1/org.hibernate/hibernate-core/5.0.12.Final/e58bf1c660e6706d8e2cbb53bae110f574366102/hibernate-core-5.0.12.Final.jar:/Users/sdang/.gradle/caches/modules-2/files-2.1/org.hibernate/hibernate-entitymanager/5.0.12.Final/302a526f5058290e9cbd719a5caf9f248d344719/hibernate-entitymanager-5.0.12.Final.jar:/Users/sdang/.gradle/caches/modules-2/files-2.1/javax.transaction/javax.transaction-api/1.2/d81aff979d603edd90dcd8db2abc1f4ce6479e3e/javax.transaction-api-1.2.jar:/Users/sdang/.gradle/caches/modules-2/files-2.1/org.springframework.data/spring-data-jpa/1.11.7.RELEASE/587051cc7d7a3ddfac6098d623a658abb2f15865/spring-data-jpa-1.11.7.RELEASE.jar:/Users/sdang/.gradle/caches/modules-2/files-2.1/org.springframework/spring-aspects/4.3.11.RELEASE/38ab744d37aef58762a03dbe7ab1479070ebadc6/spring-aspects-4.3.11.RELEASE.jar:/Users/sdang/.gradle/caches/modules-2/files-2.1/org.springframework.boot/spring-boot-test/1.5.7.RELEASE/b8d77445d48f4320f404d8f13f4e5cb95bc36b30/spring-boot-test-1.5.7.RELEASE.jar:/Users/sdang/.gradle/caches/modules-2/files-2.1/org.springframework.boot/spring-boot-test-autoconfigure/1.5.7.RELEASE/8bead16b97c9f1b5fe7c47f3e030dd9351a6974d/spring-boot-test-autoconfigure-1.5.7.RELEASE.jar:/Users/sdang/.gradle/caches/modules-2/files-2.1/com.jayway.jsonpath/json-path/2.2.0/22290d17944bd239fabf5ac69005a60a7ecbbbcb/json-path-2.2.0.jar:/Users/sdang/.gradle/caches/modules-2/files-2.1/org.assertj/assertj-core/2.6.0/b532c3fc4f66bcfee4989a3514f1cd56203a33ad/assertj-core-2.6.0.jar:/Users/sdang/.gradle/caches/modules-2/files-2.1/org.mockito/mockito-core/1.10.19/e8546f5bef4e061d8dd73895b4e8f40e3fe6effe/mockito-core-1.10.19.jar:/Users/sdang/.gradle/caches/modules-2/files-2.1/org.hamcrest/hamcrest-core/1.3/42a25dc3219429f0e5d060061f71acb49bf010a0/hamcrest-core-1.3.jar:/Users/sdang/.gradle/caches/modules-2/files-2.1/org.hamcrest/hamcrest-library/1.3/4785a3c21320980282f9f33d0d1264a69040538f/hamcrest-library-1.3.jar:/Users/sdang/.gradle/caches/modules-2/files-2.1/org.skyscreamer/jsonassert/1.4.0/9cdbb373a06f6513e51e8c545ee6a5e981463edb/jsonassert-1.4.0.jar:/Users/sdang/.gradle/caches/modules-2/files-2.1/org.springframework/spring-core/4.3.11.RELEASE/eb30ed093f628279d3aead068fd478fa343f1dad/spring-core-4.3.11.RELEASE.jar:/Users/sdang/.gradle/caches/modules-2/files-2.1/org.springframework/spring-test/4.3.11.RELEASE/cf765b5d6d6bdc38c67522ecae3fe9549da43e1/spring-test-4.3.11.RELEASE.jar:/Users/sdang/.gradle/caches/modules-2/files-2.1/org.springframework.boot/spring-boot/1.5.7.RELEASE/1006870df7b3dc203df7ce84463c5dd7049fdaa4/spring-boot-1.5.7.RELEASE.jar:/Users/sdang/.gradle/caches/modules-2/files-2.1/org.springframework.boot/spring-boot-autoconfigure/1.5.7.RELEASE/e83f1407ff991e9e7eb156f49fa19d868bb73289/spring-boot-autoconfigure-1.5.7.RELEASE.jar:/Users/sdang/.gradle/caches/modules-2/files-2.1/org.springframework.boot/spring-boot-starter-logging/1.5.7.RELEASE/c84c4ea09d7f789a0d5e936a961471e5dbd9295e/spring-boot-starter-logging-1.5.7.RELEASE.jar:/Users/sdang/.gradle/caches/modules-2/files-2.1/org.yaml/snakeyaml/1.17/7a27ea250c5130b2922b86dea63cbb1cc10a660c/snakeyaml-1.17.jar:/Users/sdang/.gradle/caches/modules-2/files-2.1/org.apache.tomcat.embed/tomcat-embed-core/8.5.20/b9026ee20f1f6a2b0fc3e51dd806d800901448b0/tomcat-embed-core-8.5.20.jar:/Users/sdang/.gradle/caches/modules-2/files-2.1/org.apache.tomcat.embed/tomcat-embed-el/8.5.20/42960f481a8a80f4ffd3b865c2232820e3565bf1/tomcat-embed-el-8.5.20.jar:/Users/sdang/.gradle/caches/modules-2/files-2.1/org.apache.tomcat.embed/tomcat-embed-websocket/8.5.20/4df9055507926a2651f691cc9964c50493a0ab29/tomcat-embed-websocket-8.5.20.jar:/Users/sdang/.gradle/caches/modules-2/files-2.1/javax.validation/validation-api/1.1.0.Final/8613ae82954779d518631e05daa73a6a954817d5/validation-api-1.1.0.Final.jar:/Users/sdang/.gradle/caches/modules-2/files-2.1/org.jboss.logging/jboss-logging/3.3.1.Final/c46217ab74b532568c0ed31dc599db3048bd1b67/jboss-logging-3.3.1.Final.jar:/Users/sdang/.gradle/caches/modules-2/files-2.1/com.fasterxml/classmate/1.3.4/3d5f48f10bbe4eb7bd862f10c0583be2e0053c6/classmate-1.3.4.jar:/Users/sdang/.gradle/caches/modules-2/files-2.1/com.fasterxml.jackson.core/jackson-annotations/2.8.0/45b426f7796b741035581a176744d91090e2e6fb/jackson-annotations-2.8.0.jar:/Users/sdang/.gradle/caches/modules-2/files-2.1/com.fasterxml.jackson.core/jackson-core/2.8.10/eb21a035c66ad307e66ec8fce37f5d50fd62d039/jackson-core-2.8.10.jar:/Users/sdang/.gradle/caches/modules-2/files-2.1/org.springframework/spring-aop/4.3.11.RELEASE/461d0bb58f1de30203d9331adf4b51de9554de5a/spring-aop-4.3.11.RELEASE.jar:/Users/sdang/.gradle/caches/modules-2/files-2.1/org.springframework/spring-beans/4.3.11.RELEASE/591cc35fd39292adae13f01aa13e978d0bb11936/spring-beans-4.3.11.RELEASE.jar:/Users/sdang/.gradle/caches/modules-2/files-2.1/org.springframework/spring-context/4.3.11.RELEASE/3efec2d7c7469d49108a2b21c3f15831f7297569/spring-context-4.3.11.RELEASE.jar:/Users/sdang/.gradle/caches/modules-2/files-2.1/org.springframework/spring-expression/4.3.11.RELEASE/fca662a2fccdad90ec22b2aaecb021047dcbe249/spring-expression-4.3.11.RELEASE.jar:/Users/sdang/.gradle/caches/modules-2/files-2.1/org.aspectj/aspectjweaver/1.8.10/e198c5fee28988c355f74e06461614eae36b2032/aspectjweaver-1.8.10.jar:/Users/sdang/.gradle/caches/modules-2/files-2.1/org.apache.tomcat/tomcat-jdbc/8.5.20/10d0d288d837ddfc92096920e4571054a3934160/tomcat-jdbc-8.5.20.jar:/Users/sdang/.gradle/caches/modules-2/files-2.1/org.springframework/spring-jdbc/4.3.11.RELEASE/642ed7497d327f299caccb930af6b65e229864c4/spring-jdbc-4.3.11.RELEASE.jar:/Users/sdang/.gradle/caches/modules-2/files-2.1/org.hibernate.javax.persistence/hibernate-jpa-2.1-api/1.0.0.Final/5e731d961297e5a07290bfaf3db1fbc8bbbf405a/hibernate-jpa-2.1-api-1.0.0.Final.jar:/Users/sdang/.gradle/caches/modules-2/files-2.1/org.javassist/javassist/3.21.0-GA/598244f595db5c5fb713731eddbb1c91a58d959b/javassist-3.21.0-GA.jar:/Users/sdang/.gradle/caches/modules-2/files-2.1/antlr/antlr/2.7.7/83cd2cd674a217ade95a4bb83a8a14f351f48bd0/antlr-2.7.7.jar:/Users/sdang/.gradle/caches/modules-2/files-2.1/org.jboss/jandex/2.0.0.Final/3e899258936f94649c777193e1be846387ed54b3/jandex-2.0.0.Final.jar:/Users/sdang/.gradle/caches/modules-2/files-2.1/dom4j/dom4j/1.6.1/5d3ccc056b6f056dbf0dddfdf43894b9065a8f94/dom4j-1.6.1.jar:/Users/sdang/.gradle/caches/modules-2/files-2.1/org.hibernate.common/hibernate-commons-annotations/5.0.1.Final/71e1cff3fcb20d3b3af4f3363c3ddb24d33c6879/hibernate-commons-annotations-5.0.1.Final.jar:/Users/sdang/.gradle/caches/modules-2/files-2.1/org.springframework.data/spring-data-commons/1.13.7.RELEASE/cf4538abda1f0a9cf2323d6e4204df0130aeec73/spring-data-commons-1.13.7.RELEASE.jar:/Users/sdang/.gradle/caches/modules-2/files-2.1/org.springframework/spring-orm/4.3.11.RELEASE/7ba1b25ad62b29295aa90ae88f9f35e84861953c/spring-orm-4.3.11.RELEASE.jar:/Users/sdang/.gradle/caches/modules-2/files-2.1/org.springframework/spring-tx/4.3.11.RELEASE/c931ee363d2269f03edfeb83d7d7fe23924ab8a1/spring-tx-4.3.11.RELEASE.jar:/Users/sdang/.gradle/caches/modules-2/files-2.1/org.slf4j/slf4j-api/1.7.25/da76ca59f6a57ee3102f8f9bd9cee742973efa8a/slf4j-api-1.7.25.jar:/Users/sdang/.gradle/caches/modules-2/files-2.1/org.slf4j/jcl-over-slf4j/1.7.25/f8c32b13ff142a513eeb5b6330b1588dcb2c0461/jcl-over-slf4j-1.7.25.jar:/Users/sdang/.gradle/caches/modules-2/files-2.1/net.minidev/json-smart/2.2.1/5b9e5df7a62d1279b70dc882b041d249c4f0b002/json-smart-2.2.1.jar:/Users/sdang/.gradle/caches/modules-2/files-2.1/org.objenesis/objenesis/2.1/87c0ea803b69252868d09308b4618f766f135a96/objenesis-2.1.jar:/Users/sdang/.gradle/caches/modules-2/files-2.1/com.vaadin.external.google/android-json/0.0.20131108.vaadin1/fa26d351fe62a6a17f5cda1287c1c6110dec413f/android-json-0.0.20131108.vaadin1.jar:/Users/sdang/.gradle/caches/modules-2/files-2.1/ch.qos.logback/logback-classic/1.1.11/ccedfbacef4a6515d2983e3f89ed753d5d4fb665/logback-classic-1.1.11.jar:/Users/sdang/.gradle/caches/modules-2/files-2.1/org.slf4j/jul-to-slf4j/1.7.25/af5364cd6679bfffb114f0dec8a157aaa283b76/jul-to-slf4j-1.7.25.jar:/Users/sdang/.gradle/caches/modules-2/files-2.1/org.slf4j/log4j-over-slf4j/1.7.25/a87bb47468f47ee7aabbd54f93e133d4215769c3/log4j-over-slf4j-1.7.25.jar:/Users/sdang/.gradle/caches/modules-2/files-2.1/org.apache.tomcat/tomcat-juli/8.5.20/6c0579d329696059f377585d2a51455bf083d9ee/tomcat-juli-8.5.20.jar:/Users/sdang/.gradle/caches/modules-2/files-2.1/net.minidev/accessors-smart/1.1/a527213f2fea112a04c9bdf0ec0264e34104cd08/accessors-smart-1.1.jar:/Users/sdang/.gradle/caches/modules-2/files-2.1/ch.qos.logback/logback-core/1.1.11/88b8df40340eed549fb07e2613879bf6b006704d/logback-core-1.1.11.jar:/Users/sdang/.gradle/caches/modules-2/files-2.1/org.ow2.asm/asm/5.0.3/dcc2193db20e19e1feca8b1240dbbc4e190824fa/asm-5.0.3.jar, user.name=sdang, java.vm.specification.version=1.8, sun.java.command=worker.org.gradle.process.internal.worker.GradleWorkerMain 'Gradle Test Executor 1', java.home=/Library/Java/JavaVirtualMachines/jdk1.8.0_141.jdk/Contents/Home/jre, sun.arch.data.model=64, user.language=en, java.specification.vendor=Oracle Corporation, awt.toolkit=sun.lwawt.macosx.LWCToolkit, java.vm.info=mixed mode, java.version=1.8.0_141, java.ext.dirs=/Users/sdang/Library/Java/Extensions:/Library/Java/JavaVirtualMachines/jdk1.8.0_141.jdk/Contents/Home/jre/lib/ext:/Library/Java/Extensions:/Network/Library/Java/Extensions:/System/Library/Java/Extensions:/usr/lib/java, sun.boot.class.path=/Library/Java/JavaVirtualMachines/jdk1.8.0_141.jdk/Contents/Home/jre/lib/resources.jar:/Library/Java/JavaVirtualMachines/jdk1.8.0_141.jdk/Contents/Home/jre/lib/rt.jar:/Library/Java/JavaVirtualMachines/jdk1.8.0_141.jdk/Contents/Home/jre/lib/sunrsasign.jar:/Library/Java/JavaVirtualMachines/jdk1.8.0_141.jdk/Contents/Home/jre/lib/jsse.jar:/Library/Java/JavaVirtualMachines/jdk1.8.0_141.jdk/Contents/Home/jre/lib/jce.jar:/Library/Java/JavaVirtualMachines/jdk1.8.0_141.jdk/Contents/Home/jre/lib/charsets.jar:/Library/Java/JavaVirtualMachines/jdk1.8.0_141.jdk/Contents/Home/jre/lib/jfr.jar:/Library/Java/JavaVirtualMachines/jdk1.8.0_141.jdk/Contents/Home/jre/classes, java.vendor=Oracle Corporation, org.gradle.test.worker=1, file.separator=/, java.vendor.url.bug=http://bugreport.sun.com/bugreport/, sun.io.unicode.encoding=UnicodeBig, sun.cpu.endian=little, sun.cpu.isalist=}}, SystemEnvironmentPropertySource@1757233042 {name='systemEnvironment', properties={PATH=/usr/local/bin:/usr/bin:/bin:/usr/sbin:/sbin:/opt/X11/bin:/Library/Frameworks/Mono.framework/Versions/Current/Commands:/Applications/Postgres.app/Contents/Versions/latest/bin:/Applications/Wireshark.app/Contents/MacOS, APP_NAME_66175=Gradle, JAVA_HOME=/Library/Java/JavaVirtualMachines/jdk1.8.0_141.jdk/Contents/Home, TERM=xterm-256color, COMMAND_MODE=unix2003, DISPLAY=/private/tmp/com.apple.launchd.RsSHWuanDc/org.macosforge.xquartz:0, ITERM_SESSION_ID=w0t0p1:B5D303B9-7CF8-46CB-B9E8-EB5F16518196, COLORTERM=truecolor, JAVA_MAIN_CLASS_66185=worker.org.gradle.process.internal.worker.GradleWorkerMain, APP_ICON_66175=/Users/sdang/Documents/springboot_project/todoapi/media/gradle.icns, LOGNAME=sdang, XPC_SERVICE_NAME=0, PWD=/Users/sdang/Documents/springboot_project/todoapi, TERM_PROGRAM_VERSION=3.1.1, SHELL=/bin/zsh, TERM_PROGRAM=iTerm.app, PAGER=less, LSCOLORS=Gxfxcxdxbxegedabagacad, SECURITYSESSIONID=186a6, OLDPWD=/Users/sdang/Documents/springboot_project/todoapi, USER=sdang, ZSH=/Users/sdang/.oh-my-zsh, ITERM_PROFILE=Default, TMPDIR=/var/folders/7k/56zw36j52p3_fcft19mrh_d00000gn/T/, SSH_AUTH_SOCK=/private/tmp/com.apple.launchd.Pfij2my7Ye/Listeners, XPC_FLAGS=0x0, TERM_SESSION_ID=w0t0p1:B5D303B9-7CF8-46CB-B9E8-EB5F16518196, JAVA_MAIN_CLASS_66175=org.gradle.wrapper.GradleWrapperMain, __CF_USER_TEXT_ENCODING=0x1F5:0x0:0x0, Apple_PubSub_Socket_Render=/private/tmp/com.apple.launchd.p3rKIXrpzX/Render, LESS=-R, LC_CTYPE=UTF-8, COLORFGBG=12;8, HOME=/Users/sdang, SHLVL=1}}]
22:33:49.611 [Test worker] DEBUG org.springframework.test.context.support.TestPropertySourceUtils - Adding inlined properties to environment: {spring.jmx.enabled=false, management.port=0, org.springframework.boot.test.context.SpringBootTestContextBootstrapper=true, server.port=0}
22:33:49.612 [Test worker] DEBUG org.springframework.core.env.StandardEnvironment - Adding PropertySource 'Inlined Test Properties' with highest search precedence

  .   ____          _            __ _ _
 /\\ / ___'_ __ _ _(_)_ __  __ _ \ \ \ \
( ( )\___ | '_ | '_| | '_ \/ _` | \ \ \ \
 \\/  ___)| |_)| | | | | || (_| |  ) ) ) )
  '  |____| .__|_| |_|_| |_\__, | / / / /
 =========|_|==============|___/=/_/_/_/
 :: Spring Boot ::        (v1.5.7.RELEASE)

2017-09-28 22:33:59.973  INFO 66185 --- [    Test worker] hello.HelloWorldConfigurationTests       : Starting HelloWorldConfigurationTests on CNsdang.local with PID 66185 (started by sdang in /Users/sdang/Documents/springboot_project/todoapi)
2017-09-28 22:33:59.974  INFO 66185 --- [    Test worker] hello.HelloWorldConfigurationTests       : No active profile set, falling back to default profiles: default
2017-09-28 22:34:00.001  INFO 66185 --- [    Test worker] ationConfigEmbeddedWebApplicationContext : Refreshing org.springframework.boot.context.embedded.AnnotationConfigEmbeddedWebApplicationContext@2f40c818: startup date [Thu Sep 28 22:33:59 CST 2017]; root of context hierarchy
2017-09-28 22:34:01.820  INFO 66185 --- [    Test worker] s.b.c.e.t.TomcatEmbeddedServletContainer : Tomcat initialized with port(s): 0 (http)
2017-09-28 22:34:01.839  INFO 66185 --- [    Test worker] o.apache.catalina.core.StandardService   : Starting service [Tomcat]
2017-09-28 22:34:01.840  INFO 66185 --- [    Test worker] org.apache.catalina.core.StandardEngine  : Starting Servlet Engine: Apache Tomcat/8.5.20
2017-09-28 22:34:02.024  INFO 66185 --- [ost-startStop-1] o.a.c.c.C.[Tomcat].[localhost].[/]       : Initializing Spring embedded WebApplicationContext
2017-09-28 22:34:02.024  INFO 66185 --- [ost-startStop-1] o.s.web.context.ContextLoader            : Root WebApplicationContext: initialization completed in 2027 ms
2017-09-28 22:34:02.291  INFO 66185 --- [ost-startStop-1] o.s.b.w.servlet.ServletRegistrationBean  : Mapping servlet: 'dispatcherServlet' to [/]
2017-09-28 22:34:02.294  INFO 66185 --- [ost-startStop-1] o.s.b.w.servlet.FilterRegistrationBean   : Mapping filter: 'metricsFilter' to: [/*]
2017-09-28 22:34:02.295  INFO 66185 --- [ost-startStop-1] o.s.b.w.servlet.FilterRegistrationBean   : Mapping filter: 'characterEncodingFilter' to: [/*]
2017-09-28 22:34:02.295  INFO 66185 --- [ost-startStop-1] o.s.b.w.servlet.FilterRegistrationBean   : Mapping filter: 'hiddenHttpMethodFilter' to: [/*]
2017-09-28 22:34:02.295  INFO 66185 --- [ost-startStop-1] o.s.b.w.servlet.FilterRegistrationBean   : Mapping filter: 'httpPutFormContentFilter' to: [/*]
2017-09-28 22:34:02.296  INFO 66185 --- [ost-startStop-1] o.s.b.w.servlet.FilterRegistrationBean   : Mapping filter: 'requestContextFilter' to: [/*]
2017-09-28 22:34:02.296  INFO 66185 --- [ost-startStop-1] o.s.b.w.servlet.FilterRegistrationBean   : Mapping filter: 'webRequestLoggingFilter' to: [/*]
2017-09-28 22:34:02.296  INFO 66185 --- [ost-startStop-1] o.s.b.w.servlet.FilterRegistrationBean   : Mapping filter: 'applicationContextIdFilter' to: [/*]
2017-09-28 22:34:03.409  INFO 66185 --- [    Test worker] j.LocalContainerEntityManagerFactoryBean : Building JPA container EntityManagerFactory for persistence unit 'default'
2017-09-28 22:34:03.431  INFO 66185 --- [    Test worker] o.hibernate.jpa.internal.util.LogHelper  : HHH000204: Processing PersistenceUnitInfo [
	name: default
	...]
2017-09-28 22:34:03.516  INFO 66185 --- [    Test worker] org.hibernate.Version                    : HHH000412: Hibernate Core {5.0.12.Final}
2017-09-28 22:34:03.518  INFO 66185 --- [    Test worker] org.hibernate.cfg.Environment            : HHH000206: hibernate.properties not found
2017-09-28 22:34:03.520  INFO 66185 --- [    Test worker] org.hibernate.cfg.Environment            : HHH000021: Bytecode provider name : javassist
2017-09-28 22:34:03.567  INFO 66185 --- [    Test worker] o.hibernate.annotations.common.Version   : HCANN000001: Hibernate Commons Annotations {5.0.1.Final}
2017-09-28 22:34:03.712  INFO 66185 --- [    Test worker] org.hibernate.dialect.Dialect            : HHH000400: Using dialect: org.hibernate.dialect.MySQL5Dialect
2017-09-28 22:34:04.217  INFO 66185 --- [    Test worker] org.hibernate.tool.hbm2ddl.SchemaUpdate  : HHH000228: Running hbm2ddl schema update
2017-09-28 22:34:04.238  INFO 66185 --- [    Test worker] rmationExtractorJdbcDatabaseMetaDataImpl : HHH000262: Table not found: todo_items
2017-09-28 22:34:04.239  INFO 66185 --- [    Test worker] rmationExtractorJdbcDatabaseMetaDataImpl : HHH000262: Table not found: todo_items
2017-09-28 22:34:04.315  INFO 66185 --- [    Test worker] j.LocalContainerEntityManagerFactoryBean : Initialized JPA EntityManagerFactory for persistence unit 'default'
2017-09-28 22:34:04.940  INFO 66185 --- [    Test worker] s.w.s.m.m.a.RequestMappingHandlerAdapter : Looking for @ControllerAdvice: org.springframework.boot.context.embedded.AnnotationConfigEmbeddedWebApplicationContext@2f40c818: startup date [Thu Sep 28 22:33:59 CST 2017]; root of context hierarchy
2017-09-28 22:34:05.027  INFO 66185 --- [    Test worker] s.w.s.m.m.a.RequestMappingHandlerMapping : Mapped "{[/hello-world],methods=[GET]}" onto public hello.Greeting hello.HelloWorldController.sayHello(java.lang.String)
2017-09-28 22:34:05.032  INFO 66185 --- [    Test worker] s.w.s.m.m.a.RequestMappingHandlerMapping : Mapped "{[/todoitems/],methods=[POST]}" onto public java.lang.String hello.MainController.addNewTodoItem(java.lang.String)
2017-09-28 22:34:05.032  INFO 66185 --- [    Test worker] s.w.s.m.m.a.RequestMappingHandlerMapping : Mapped "{[/todoitems/],methods=[GET]}" onto public java.lang.Iterable<hello.TodoItems> hello.MainController.getAllTodoItems()
2017-09-28 22:34:05.034  INFO 66185 --- [    Test worker] s.w.s.m.m.a.RequestMappingHandlerMapping : Mapped "{[/error]}" onto public org.springframework.http.ResponseEntity<java.util.Map<java.lang.String, java.lang.Object>> org.springframework.boot.autoconfigure.web.BasicErrorController.error(javax.servlet.http.HttpServletRequest)
2017-09-28 22:34:05.035  INFO 66185 --- [    Test worker] s.w.s.m.m.a.RequestMappingHandlerMapping : Mapped "{[/error],produces=[text/html]}" onto public org.springframework.web.servlet.ModelAndView org.springframework.boot.autoconfigure.web.BasicErrorController.errorHtml(javax.servlet.http.HttpServletRequest,javax.servlet.http.HttpServletResponse)
2017-09-28 22:34:05.072  INFO 66185 --- [    Test worker] o.s.w.s.handler.SimpleUrlHandlerMapping  : Mapped URL path [/webjars/**] onto handler of type [class org.springframework.web.servlet.resource.ResourceHttpRequestHandler]
2017-09-28 22:34:05.072  INFO 66185 --- [    Test worker] o.s.w.s.handler.SimpleUrlHandlerMapping  : Mapped URL path [/**] onto handler of type [class org.springframework.web.servlet.resource.ResourceHttpRequestHandler]
2017-09-28 22:34:05.112  INFO 66185 --- [    Test worker] o.s.w.s.handler.SimpleUrlHandlerMapping  : Mapped URL path [/**/favicon.ico] onto handler of type [class org.springframework.web.servlet.resource.ResourceHttpRequestHandler]
2017-09-28 22:34:05.486  INFO 66185 --- [    Test worker] ationConfigEmbeddedWebApplicationContext : Refreshing org.springframework.boot.context.embedded.AnnotationConfigEmbeddedWebApplicationContext@56409a21: startup date [Thu Sep 28 22:34:05 CST 2017]; parent: org.springframework.boot.context.embedded.AnnotationConfigEmbeddedWebApplicationContext@2f40c818
2017-09-28 22:34:05.518  INFO 66185 --- [    Test worker] o.s.b.f.s.DefaultListableBeanFactory     : Overriding bean definition for bean 'handlerExceptionResolver' with a different definition: replacing [Root bean: class [null]; scope=; abstract=false; lazyInit=false; autowireMode=3; dependencyCheck=0; autowireCandidate=true; primary=false; factoryBeanName=org.springframework.web.servlet.config.annotation.DelegatingWebMvcConfiguration; factoryMethodName=handlerExceptionResolver; initMethodName=null; destroyMethodName=(inferred); defined in org.springframework.web.servlet.config.annotation.DelegatingWebMvcConfiguration] with [Root bean: class [null]; scope=; abstract=false; lazyInit=false; autowireMode=3; dependencyCheck=0; autowireCandidate=true; primary=false; factoryBeanName=endpointWebMvcChildContextConfiguration; factoryMethodName=compositeHandlerExceptionResolver; initMethodName=null; destroyMethodName=(inferred); defined in org.springframework.boot.actuate.autoconfigure.EndpointWebMvcChildContextConfiguration]
2017-09-28 22:34:05.570  INFO 66185 --- [    Test worker] s.b.c.e.t.TomcatEmbeddedServletContainer : Tomcat initialized with port(s): 0 (http)
2017-09-28 22:34:05.571  INFO 66185 --- [    Test worker] o.apache.catalina.core.StandardService   : Starting service [Tomcat]
2017-09-28 22:34:05.571  INFO 66185 --- [    Test worker] org.apache.catalina.core.StandardEngine  : Starting Servlet Engine: Apache Tomcat/8.5.20
2017-09-28 22:34:05.579  INFO 66185 --- [ost-startStop-1] o.a.c.c.C.[Tomcat-1].[localhost].[/]     : Initializing Spring embedded WebApplicationContext
2017-09-28 22:34:05.579  INFO 66185 --- [ost-startStop-1] o.s.web.context.ContextLoader            : Root WebApplicationContext: initialization completed in 93 ms
2017-09-28 22:34:05.584  INFO 66185 --- [ost-startStop-1] o.s.b.w.servlet.ServletRegistrationBean  : Mapping servlet: 'dispatcherServlet' to [/]
2017-09-28 22:34:05.656  INFO 66185 --- [    Test worker] o.s.b.a.e.mvc.EndpointHandlerMapping     : Mapped "{[/health || /health.json],methods=[GET],produces=[application/vnd.spring-boot.actuator.v1+json || application/json]}" onto public java.lang.Object org.springframework.boot.actuate.endpoint.mvc.HealthMvcEndpoint.invoke(javax.servlet.http.HttpServletRequest,java.security.Principal)
2017-09-28 22:34:05.657  INFO 66185 --- [    Test worker] o.s.b.a.e.mvc.EndpointHandlerMapping     : Mapped "{[/trace || /trace.json],methods=[GET],produces=[application/vnd.spring-boot.actuator.v1+json || application/json]}" onto public java.lang.Object org.springframework.boot.actuate.endpoint.mvc.EndpointMvcAdapter.invoke()
2017-09-28 22:34:05.658  INFO 66185 --- [    Test worker] o.s.b.a.e.mvc.EndpointHandlerMapping     : Mapped "{[/beans || /beans.json],methods=[GET],produces=[application/vnd.spring-boot.actuator.v1+json || application/json]}" onto public java.lang.Object org.springframework.boot.actuate.endpoint.mvc.EndpointMvcAdapter.invoke()
2017-09-28 22:34:05.658  INFO 66185 --- [    Test worker] o.s.b.a.e.mvc.EndpointHandlerMapping     : Mapped "{[/heapdump || /heapdump.json],methods=[GET],produces=[application/octet-stream]}" onto public void org.springframework.boot.actuate.endpoint.mvc.HeapdumpMvcEndpoint.invoke(boolean,javax.servlet.http.HttpServletRequest,javax.servlet.http.HttpServletResponse) throws java.io.IOException,javax.servlet.ServletException
2017-09-28 22:34:05.659  INFO 66185 --- [    Test worker] o.s.b.a.e.mvc.EndpointHandlerMapping     : Mapped "{[/auditevents || /auditevents.json],methods=[GET],produces=[application/vnd.spring-boot.actuator.v1+json || application/json]}" onto public org.springframework.http.ResponseEntity<?> org.springframework.boot.actuate.endpoint.mvc.AuditEventsMvcEndpoint.findByPrincipalAndAfterAndType(java.lang.String,java.util.Date,java.lang.String)
2017-09-28 22:34:05.660  INFO 66185 --- [    Test worker] o.s.b.a.e.mvc.EndpointHandlerMapping     : Mapped "{[/env/{name:.*}],methods=[GET],produces=[application/vnd.spring-boot.actuator.v1+json || application/json]}" onto public java.lang.Object org.springframework.boot.actuate.endpoint.mvc.EnvironmentMvcEndpoint.value(java.lang.String)
2017-09-28 22:34:05.661  INFO 66185 --- [    Test worker] o.s.b.a.e.mvc.EndpointHandlerMapping     : Mapped "{[/env || /env.json],methods=[GET],produces=[application/vnd.spring-boot.actuator.v1+json || application/json]}" onto public java.lang.Object org.springframework.boot.actuate.endpoint.mvc.EndpointMvcAdapter.invoke()
2017-09-28 22:34:05.661  INFO 66185 --- [    Test worker] o.s.b.a.e.mvc.EndpointHandlerMapping     : Mapped "{[/mappings || /mappings.json],methods=[GET],produces=[application/vnd.spring-boot.actuator.v1+json || application/json]}" onto public java.lang.Object org.springframework.boot.actuate.endpoint.mvc.EndpointMvcAdapter.invoke()
2017-09-28 22:34:05.662  INFO 66185 --- [    Test worker] o.s.b.a.e.mvc.EndpointHandlerMapping     : Mapped "{[/autoconfig || /autoconfig.json],methods=[GET],produces=[application/vnd.spring-boot.actuator.v1+json || application/json]}" onto public java.lang.Object org.springframework.boot.actuate.endpoint.mvc.EndpointMvcAdapter.invoke()
2017-09-28 22:34:05.664  INFO 66185 --- [    Test worker] o.s.b.a.e.mvc.EndpointHandlerMapping     : Mapped "{[/loggers/{name:.*}],methods=[GET],produces=[application/vnd.spring-boot.actuator.v1+json || application/json]}" onto public java.lang.Object org.springframework.boot.actuate.endpoint.mvc.LoggersMvcEndpoint.get(java.lang.String)
2017-09-28 22:34:05.665  INFO 66185 --- [    Test worker] o.s.b.a.e.mvc.EndpointHandlerMapping     : Mapped "{[/loggers/{name:.*}],methods=[POST],consumes=[application/vnd.spring-boot.actuator.v1+json || application/json],produces=[application/vnd.spring-boot.actuator.v1+json || application/json]}" onto public java.lang.Object org.springframework.boot.actuate.endpoint.mvc.LoggersMvcEndpoint.set(java.lang.String,java.util.Map<java.lang.String, java.lang.String>)
2017-09-28 22:34:05.665  INFO 66185 --- [    Test worker] o.s.b.a.e.mvc.EndpointHandlerMapping     : Mapped "{[/loggers || /loggers.json],methods=[GET],produces=[application/vnd.spring-boot.actuator.v1+json || application/json]}" onto public java.lang.Object org.springframework.boot.actuate.endpoint.mvc.EndpointMvcAdapter.invoke()
2017-09-28 22:34:05.666  INFO 66185 --- [    Test worker] o.s.b.a.e.mvc.EndpointHandlerMapping     : Mapped "{[/dump || /dump.json],methods=[GET],produces=[application/vnd.spring-boot.actuator.v1+json || application/json]}" onto public java.lang.Object org.springframework.boot.actuate.endpoint.mvc.EndpointMvcAdapter.invoke()
2017-09-28 22:34:05.666  INFO 66185 --- [    Test worker] o.s.b.a.e.mvc.EndpointHandlerMapping     : Mapped "{[/configprops || /configprops.json],methods=[GET],produces=[application/vnd.spring-boot.actuator.v1+json || application/json]}" onto public java.lang.Object org.springframework.boot.actuate.endpoint.mvc.EndpointMvcAdapter.invoke()
2017-09-28 22:34:05.667  INFO 66185 --- [    Test worker] o.s.b.a.e.mvc.EndpointHandlerMapping     : Mapped "{[/info || /info.json],methods=[GET],produces=[application/vnd.spring-boot.actuator.v1+json || application/json]}" onto public java.lang.Object org.springframework.boot.actuate.endpoint.mvc.EndpointMvcAdapter.invoke()
2017-09-28 22:34:05.668  INFO 66185 --- [    Test worker] o.s.b.a.e.mvc.EndpointHandlerMapping     : Mapped "{[/metrics/{name:.*}],methods=[GET],produces=[application/vnd.spring-boot.actuator.v1+json || application/json]}" onto public java.lang.Object org.springframework.boot.actuate.endpoint.mvc.MetricsMvcEndpoint.value(java.lang.String)
2017-09-28 22:34:05.668  INFO 66185 --- [    Test worker] o.s.b.a.e.mvc.EndpointHandlerMapping     : Mapped "{[/metrics || /metrics.json],methods=[GET],produces=[application/vnd.spring-boot.actuator.v1+json || application/json]}" onto public java.lang.Object org.springframework.boot.actuate.endpoint.mvc.EndpointMvcAdapter.invoke()
2017-09-28 22:34:05.684  INFO 66185 --- [    Test worker] s.w.s.m.m.a.RequestMappingHandlerMapping : Mapped "{[/error]}" onto public java.util.Map<java.lang.String, java.lang.Object> org.springframework.boot.actuate.endpoint.mvc.ManagementErrorEndpoint.invoke()
2017-09-28 22:34:05.691  INFO 66185 --- [    Test worker] o.s.w.s.handler.SimpleUrlHandlerMapping  : Mapped URL path [/webjars/**] onto handler of type [class org.springframework.web.servlet.resource.ResourceHttpRequestHandler]
2017-09-28 22:34:05.691  INFO 66185 --- [    Test worker] o.s.w.s.handler.SimpleUrlHandlerMapping  : Mapped URL path [/**] onto handler of type [class org.springframework.web.servlet.resource.ResourceHttpRequestHandler]
2017-09-28 22:34:05.705  INFO 66185 --- [    Test worker] s.w.s.m.m.a.RequestMappingHandlerAdapter : Looking for @ControllerAdvice: org.springframework.boot.context.embedded.AnnotationConfigEmbeddedWebApplicationContext@56409a21: startup date [Thu Sep 28 22:34:05 CST 2017]; parent: org.springframework.boot.context.embedded.AnnotationConfigEmbeddedWebApplicationContext@2f40c818
2017-09-28 22:34:05.959  INFO 66185 --- [    Test worker] s.b.c.e.t.TomcatEmbeddedServletContainer : Tomcat started on port(s): 60169 (http)
2017-09-28 22:34:05.977  INFO 66185 --- [    Test worker] s.b.c.e.t.TomcatEmbeddedServletContainer : Tomcat started on port(s): 60170 (http)
2017-09-28 22:34:05.981  INFO 66185 --- [    Test worker] hello.HelloWorldConfigurationTests       : Started HelloWorldConfigurationTests in 16.365 seconds (JVM running for 22.513)
2017-09-28 22:34:06.118  INFO 66185 --- [1-auto-1-exec-1] o.a.c.c.C.[Tomcat-1].[localhost].[/]     : Initializing Spring FrameworkServlet 'dispatcherServlet'
2017-09-28 22:34:06.119  INFO 66185 --- [1-auto-1-exec-1] o.s.web.servlet.DispatcherServlet        : FrameworkServlet 'dispatcherServlet': initialization started
2017-09-28 22:34:06.132  INFO 66185 --- [1-auto-1-exec-1] o.s.web.servlet.DispatcherServlet        : FrameworkServlet 'dispatcherServlet': initialization completed in 13 ms
2017-09-28 22:34:06.275  INFO 66185 --- [o-auto-2-exec-1] o.a.c.c.C.[Tomcat].[localhost].[/]       : Initializing Spring FrameworkServlet 'dispatcherServlet'
2017-09-28 22:34:06.276  INFO 66185 --- [o-auto-2-exec-1] o.s.web.servlet.DispatcherServlet        : FrameworkServlet 'dispatcherServlet': initialization started
2017-09-28 22:34:06.280  INFO 66185 --- [o-auto-2-exec-1] o.s.web.servlet.DispatcherServlet        : FrameworkServlet 'dispatcherServlet': initialization completed in 4 ms
]]></system-out>
  <system-err><![CDATA[Thu Sep 28 22:34:02 CST 2017 WARN: Establishing SSL connection without server's identity verification is not recommended. According to MySQL 5.5.45+, 5.6.26+ and 5.7.6+ requirements SSL connection must be established by default if explicit option isn't set. For compliance with existing applications not using SSL the verifyServerCertificate property is set to 'false'. You need either to explicitly disable SSL by setting useSSL=false, or set useSSL=true and provide truststore for server certificate verification.
Thu Sep 28 22:34:03 CST 2017 WARN: Establishing SSL connection without server's identity verification is not recommended. According to MySQL 5.5.45+, 5.6.26+ and 5.7.6+ requirements SSL connection must be established by default if explicit option isn't set. For compliance with existing applications not using SSL the verifyServerCertificate property is set to 'false'. You need either to explicitly disable SSL by setting useSSL=false, or set useSSL=true and provide truststore for server certificate verification.
Thu Sep 28 22:34:03 CST 2017 WARN: Establishing SSL connection without server's identity verification is not recommended. According to MySQL 5.5.45+, 5.6.26+ and 5.7.6+ requirements SSL connection must be established by default if explicit option isn't set. For compliance with existing applications not using SSL the verifyServerCertificate property is set to 'false'. You need either to explicitly disable SSL by setting useSSL=false, or set useSSL=true and provide truststore for server certificate verification.
Thu Sep 28 22:34:03 CST 2017 WARN: Establishing SSL connection without server's identity verification is not recommended. According to MySQL 5.5.45+, 5.6.26+ and 5.7.6+ requirements SSL connection must be established by default if explicit option isn't set. For compliance with existing applications not using SSL the verifyServerCertificate property is set to 'false'. You need either to explicitly disable SSL by setting useSSL=false, or set useSSL=true and provide truststore for server certificate verification.
Thu Sep 28 22:34:03 CST 2017 WARN: Establishing SSL connection without server's identity verification is not recommended. According to MySQL 5.5.45+, 5.6.26+ and 5.7.6+ requirements SSL connection must be established by default if explicit option isn't set. For compliance with existing applications not using SSL the verifyServerCertificate property is set to 'false'. You need either to explicitly disable SSL by setting useSSL=false, or set useSSL=true and provide truststore for server certificate verification.
Thu Sep 28 22:34:03 CST 2017 WARN: Establishing SSL connection without server's identity verification is not recommended. According to MySQL 5.5.45+, 5.6.26+ and 5.7.6+ requirements SSL connection must be established by default if explicit option isn't set. For compliance with existing applications not using SSL the verifyServerCertificate property is set to 'false'. You need either to explicitly disable SSL by setting useSSL=false, or set useSSL=true and provide truststore for server certificate verification.
Thu Sep 28 22:34:03 CST 2017 WARN: Establishing SSL connection without server's identity verification is not recommended. According to MySQL 5.5.45+, 5.6.26+ and 5.7.6+ requirements SSL connection must be established by default if explicit option isn't set. For compliance with existing applications not using SSL the verifyServerCertificate property is set to 'false'. You need either to explicitly disable SSL by setting useSSL=false, or set useSSL=true and provide truststore for server certificate verification.
Thu Sep 28 22:34:03 CST 2017 WARN: Establishing SSL connection without server's identity verification is not recommended. According to MySQL 5.5.45+, 5.6.26+ and 5.7.6+ requirements SSL connection must be established by default if explicit option isn't set. For compliance with existing applications not using SSL the verifyServerCertificate property is set to 'false'. You need either to explicitly disable SSL by setting useSSL=false, or set useSSL=true and provide truststore for server certificate verification.
Thu Sep 28 22:34:03 CST 2017 WARN: Establishing SSL connection without server's identity verification is not recommended. According to MySQL 5.5.45+, 5.6.26+ and 5.7.6+ requirements SSL connection must be established by default if explicit option isn't set. For compliance with existing applications not using SSL the verifyServerCertificate property is set to 'false'. You need either to explicitly disable SSL by setting useSSL=false, or set useSSL=true and provide truststore for server certificate verification.
Thu Sep 28 22:34:03 CST 2017 WARN: Establishing SSL connection without server's identity verification is not recommended. According to MySQL 5.5.45+, 5.6.26+ and 5.7.6+ requirements SSL connection must be established by default if explicit option isn't set. For compliance with existing applications not using SSL the verifyServerCertificate property is set to 'false'. You need either to explicitly disable SSL by setting useSSL=false, or set useSSL=true and provide truststore for server certificate verification.
]]></system-err>
</testsuite>
